[2020-03-09 08:53:39] local.ERROR: SQLSTATE[42000]: Syntax error or access violation: 1166 Incorrect column name 'mausac ' (SQL: create table `giong` (`id` bigint unsigned not null auto_increment primary key, `loaigiong_id` bigint unsigned not null, `tengiong` varchar(191) not null, `dactinh` varchar(191) null, `mausac ` varchar(191) null, `mota` varchar(191) null, `created_at` timestamp not null default CURRENT_TIMESTAMP, `updated_at` timestamp not null default CURRENT_TIMESTAMP ON UPDATE CURRENT_TIMESTAMP) default character set utf8mb4 collate 'utf8mb4_unicode_ci') {"exception":"[object] (Illuminate\\Database\\QueryException(code: 42000): SQLSTATE[42000]: Syntax error or access violation: 1166 Incorrect column name 'mausac ' (SQL: create table `giong` (`id` bigint unsigned not null auto_increment primary key, `loaigiong_id` bigint unsigned not null, `tengiong` varchar(191) not null, `dactinh` varchar(191) null, `mausac ` varchar(191) null, `mota` varchar(191) null, `created_at` timestamp not null default CURRENT_TIMESTAMP, `updated_at` timestamp not null default CURRENT_TIMESTAMP ON UPDATE CURRENT_TIMESTAMP) default character set utf8mb4 collate 'utf8mb4_unicode_ci') at D:\\Wamp64\\www\\htxtravinh7\\vendor\\laravel\\framework\\src\\Illuminate\\Database\\Connection.php:669)
[stacktrace]
#0 D:\\Wamp64\\www\\htxtravinh7\\vendor\\laravel\\framework\\src\\Illuminate\\Database\\Connection.php(629): Illuminate\\Database\\Connection->runQueryCallback('create table `g...', Array, Object(Closure))
#1 D:\\Wamp64\\www\\htxtravinh7\\vendor\\laravel\\framework\\src\\Illuminate\\Database\\Connection.php(464): Illuminate\\Database\\Connection->run('create table `g...', Array, Object(Closure))
#2 D:\\Wamp64\\www\\htxtravinh7\\vendor\\laravel\\framework\\src\\Illuminate\\Database\\Schema\\Blueprint.php(97): Illuminate\\Database\\Connection->statement('create table `g...')
#3 D:\\Wamp64\\www\\htxtravinh7\\vendor\\laravel\\framework\\src\\Illuminate\\Database\\Schema\\Builder.php(290): Illuminate\\Database\\Schema\\Blueprint->build(Object(Illuminate\\Database\\MySqlConnection), Object(Illuminate\\Database\\Schema\\Grammars\\MySqlGrammar))
#4 D:\\Wamp64\\www\\htxtravinh7\\vendor\\laravel\\framework\\src\\Illuminate\\Database\\Schema\\Builder.php(167): Illuminate\\Database\\Schema\\Builder->build(Object(Illuminate\\Database\\Schema\\Blueprint))
#5 D:\\Wamp64\\www\\htxtravinh7\\vendor\\laravel\\framework\\src\\Illuminate\\Support\\Facades\\Facade.php(261): Illuminate\\Database\\Schema\\Builder->create('giong', Object(Closure))
#6 D:\\Wamp64\\www\\htxtravinh7\\database\\migrations\\2020_03_03_000011_create_giong_table.php(30): Illuminate\\Support\\Facades\\Facade::__callStatic('create', Array)
#7 D:\\Wamp64\\www\\htxtravinh7\\vendor\\laravel\\framework\\src\\Illuminate\\Database\\Migrations\\Migrator.php(392): CreateGiongTable->up()
#8 D:\\Wamp64\\www\\htxtravinh7\\vendor\\laravel\\framework\\src\\Illuminate\\Database\\Migrations\\Migrator.php(401): Illuminate\\Database\\Migrations\\Migrator->Illuminate\\Database\\Migrations\\{closure}()
#9 D:\\Wamp64\\www\\htxtravinh7\\vendor\\laravel\\framework\\src\\Illuminate\\Database\\Migrations\\Migrator.php(200): Illuminate\\Database\\Migrations\\Migrator->runMigration(Object(CreateGiongTable), 'up')
#10 D:\\Wamp64\\www\\htxtravinh7\\vendor\\laravel\\framework\\src\\Illuminate\\Database\\Migrations\\Migrator.php(165): Illuminate\\Database\\Migrations\\Migrator->runUp('D:\\\\Wamp64\\\\www\\\\h...', 1, false)
#11 D:\\Wamp64\\www\\htxtravinh7\\vendor\\laravel\\framework\\src\\Illuminate\\Database\\Migrations\\Migrator.php(110): Illuminate\\Database\\Migrations\\Migrator->runPending(Array, Array)
#12 D:\\Wamp64\\www\\htxtravinh7\\vendor\\laravel\\framework\\src\\Illuminate\\Database\\Console\\Migrations\\MigrateCommand.php(72): Illuminate\\Database\\Migrations\\Migrator->run(Array, Array)
#13 D:\\Wamp64\\www\\htxtravinh7\\vendor\\laravel\\framework\\src\\Illuminate\\Database\\Migrations\\Migrator.php(541): Illuminate\\Database\\Console\\Migrations\\MigrateCommand->Illuminate\\Database\\Console\\Migrations\\{closure}()
#14 D:\\Wamp64\\www\\htxtravinh7\\vendor\\laravel\\framework\\src\\Illuminate\\Database\\Console\\Migrations\\MigrateCommand.php(81): Illuminate\\Database\\Migrations\\Migrator->usingConnection(NULL, Object(Closure))
#15 [internal function]: Illuminate\\Database\\Console\\Migrations\\MigrateCommand->handle()
#16 D:\\Wamp64\\www\\htxtravinh7\\vendor\\laravel\\framework\\src\\Illuminate\\Container\\BoundMethod.php(32): call_user_func_array(Array, Array)
#17 D:\\Wamp64\\www\\htxtravinh7\\vendor\\laravel\\framework\\src\\Illuminate\\Container\\Util.php(36): Illuminate\\Container\\BoundMethod::Illuminate\\Container\\{closure}()
#18 D:\\Wamp64\\www\\htxtravinh7\\vendor\\laravel\\framework\\src\\Illuminate\\Container\\BoundMethod.php(90): Illuminate\\Container\\Util::unwrapIfClosure(Object(Closure))
#19 D:\\Wamp64\\www\\htxtravinh7\\vendor\\laravel\\framework\\src\\Illuminate\\Container\\BoundMethod.php(34): Illuminate\\Container\\BoundMethod::callBoundMethod(Object(Illuminate\\Foundation\\Application), Array, Object(Closure))
#20 D:\\Wamp64\\www\\htxtravinh7\\vendor\\laravel\\framework\\src\\Illuminate\\Container\\Container.php(590): Illuminate\\Container\\BoundMethod::call(Object(Illuminate\\Foundation\\Application), Array, Array, NULL)
#21 D:\\Wamp64\\www\\htxtravinh7\\vendor\\laravel\\framework\\src\\Illuminate\\Console\\Command.php(134): Illuminate\\Container\\Container->call(Array)
#22 D:\\Wamp64\\www\\htxtravinh7\\vendor\\symfony\\console\\Command\\Command.php(255): Illuminate\\Console\\Command->execute(Object(Symfony\\Component\\Console\\Input\\ArgvInput), Object(Illuminate\\Console\\OutputStyle))
#23 D:\\Wamp64\\www\\htxtravinh7\\vendor\\laravel\\framework\\src\\Illuminate\\Console\\Command.php(121): Symfony\\Component\\Console\\Command\\Command->run(Object(Symfony\\Component\\Console\\Input\\ArgvInput), Object(Illuminate\\Console\\OutputStyle))
#24 D:\\Wamp64\\www\\htxtravinh7\\vendor\\symfony\\console\\Application.php(912): Illuminate\\Console\\Command->run(Object(Symfony\\Component\\Console\\Input\\ArgvInput), Object(Symfony\\Component\\Console\\Output\\ConsoleOutput))
#25 D:\\Wamp64\\www\\htxtravinh7\\vendor\\symfony\\console\\Application.php(264): Symfony\\Component\\Console\\Application->doRunCommand(Object(Illuminate\\Database\\Console\\Migrations\\MigrateCommand), Object(Symfony\\Component\\Console\\Input\\ArgvInput), Object(Symfony\\Component\\Console\\Output\\ConsoleOutput))
#26 D:\\Wamp64\\www\\htxtravinh7\\vendor\\symfony\\console\\Application.php(140): Symfony\\Component\\Console\\Application->doRun(Object(Symfony\\Component\\Console\\Input\\ArgvInput), Object(Symfony\\Component\\Console\\Output\\ConsoleOutput))
#27 D:\\Wamp64\\www\\htxtravinh7\\vendor\\laravel\\framework\\src\\Illuminate\\Console\\Application.php(93): Symfony\\Component\\Console\\Application->run(Object(Symfony\\Component\\Console\\Input\\ArgvInput), Object(Symfony\\Component\\Console\\Output\\ConsoleOutput))
#28 D:\\Wamp64\\www\\htxtravinh7\\vendor\\laravel\\framework\\src\\Illuminate\\Foundation\\Console\\Kernel.php(130): Illuminate\\Console\\Application->run(Object(Symfony\\Component\\Console\\Input\\ArgvInput), Object(Symfony\\Component\\Console\\Output\\ConsoleOutput))
#29 D:\\Wamp64\\www\\htxtravinh7\\artisan(35): Illuminate\\Foundation\\Console\\Kernel->handle(Object(Symfony\\Component\\Console\\Input\\ArgvInput), Object(Symfony\\Component\\Console\\Output\\ConsoleOutput))
#30 {main}

[previous exception] [object] (PDOException(code: 42000): SQLSTATE[42000]: Syntax error or access violation: 1166 Incorrect column name 'mausac ' at D:\\Wamp64\\www\\htxtravinh7\\vendor\\laravel\\framework\\src\\Illuminate\\Database\\Connection.php:463)
[stacktrace]
#0 D:\\Wamp64\\www\\htxtravinh7\\vendor\\laravel\\framework\\src\\Illuminate\\Database\\Connection.php(463): PDOStatement->execute()
#1 D:\\Wamp64\\www\\htxtravinh7\\vendor\\laravel\\framework\\src\\Illuminate\\Database\\Connection.php(662): Illuminate\\Database\\Connection->Illuminate\\Database\\{closure}('create table `g...', Array)
#2 D:\\Wamp64\\www\\htxtravinh7\\vendor\\laravel\\framework\\src\\Illuminate\\Database\\Connection.php(629): Illuminate\\Database\\Connection->runQueryCallback('create table `g...', Array, Object(Closure))
#3 D:\\Wamp64\\www\\htxtravinh7\\vendor\\laravel\\framework\\src\\Illuminate\\Database\\Connection.php(464): Illuminate\\Database\\Connection->run('create table `g...', Array, Object(Closure))
#4 D:\\Wamp64\\www\\htxtravinh7\\vendor\\laravel\\framework\\src\\Illuminate\\Database\\Schema\\Blueprint.php(97): Illuminate\\Database\\Connection->statement('create table `g...')
#5 D:\\Wamp64\\www\\htxtravinh7\\vendor\\laravel\\framework\\src\\Illuminate\\Database\\Schema\\Builder.php(290): Illuminate\\Database\\Schema\\Blueprint->build(Object(Illuminate\\Database\\MySqlConnection), Object(Illuminate\\Database\\Schema\\Grammars\\MySqlGrammar))
#6 D:\\Wamp64\\www\\htxtravinh7\\vendor\\laravel\\framework\\src\\Illuminate\\Database\\Schema\\Builder.php(167): Illuminate\\Database\\Schema\\Builder->build(Object(Illuminate\\Database\\Schema\\Blueprint))
#7 D:\\Wamp64\\www\\htxtravinh7\\vendor\\laravel\\framework\\src\\Illuminate\\Support\\Facades\\Facade.php(261): Illuminate\\Database\\Schema\\Builder->create('giong', Object(Closure))
#8 D:\\Wamp64\\www\\htxtravinh7\\database\\migrations\\2020_03_03_000011_create_giong_table.php(30): Illuminate\\Support\\Facades\\Facade::__callStatic('create', Array)
#9 D:\\Wamp64\\www\\htxtravinh7\\vendor\\laravel\\framework\\src\\Illuminate\\Database\\Migrations\\Migrator.php(392): CreateGiongTable->up()
#10 D:\\Wamp64\\www\\htxtravinh7\\vendor\\laravel\\framework\\src\\Illuminate\\Database\\Migrations\\Migrator.php(401): Illuminate\\Database\\Migrations\\Migrator->Illuminate\\Database\\Migrations\\{closure}()
#11 D:\\Wamp64\\www\\htxtravinh7\\vendor\\laravel\\framework\\src\\Illuminate\\Database\\Migrations\\Migrator.php(200): Illuminate\\Database\\Migrations\\Migrator->runMigration(Object(CreateGiongTable), 'up')
#12 D:\\Wamp64\\www\\htxtravinh7\\vendor\\laravel\\framework\\src\\Illuminate\\Database\\Migrations\\Migrator.php(165): Illuminate\\Database\\Migrations\\Migrator->runUp('D:\\\\Wamp64\\\\www\\\\h...', 1, false)
#13 D:\\Wamp64\\www\\htxtravinh7\\vendor\\laravel\\framework\\src\\Illuminate\\Database\\Migrations\\Migrator.php(110): Illuminate\\Database\\Migrations\\Migrator->runPending(Array, Array)
#14 D:\\Wamp64\\www\\htxtravinh7\\vendor\\laravel\\framework\\src\\Illuminate\\Database\\Console\\Migrations\\MigrateCommand.php(72): Illuminate\\Database\\Migrations\\Migrator->run(Array, Array)
#15 D:\\Wamp64\\www\\htxtravinh7\\vendor\\laravel\\framework\\src\\Illuminate\\Database\\Migrations\\Migrator.php(541): Illuminate\\Database\\Console\\Migrations\\MigrateCommand->Illuminate\\Database\\Console\\Migrations\\{closure}()
#16 D:\\Wamp64\\www\\htxtravinh7\\vendor\\laravel\\framework\\src\\Illuminate\\Database\\Console\\Migrations\\MigrateCommand.php(81): Illuminate\\Database\\Migrations\\Migrator->usingConnection(NULL, Object(Closure))
#17 [internal function]: Illuminate\\Database\\Console\\Migrations\\MigrateCommand->handle()
#18 D:\\Wamp64\\www\\htxtravinh7\\vendor\\laravel\\framework\\src\\Illuminate\\Container\\BoundMethod.php(32): call_user_func_array(Array, Array)
#19 D:\\Wamp64\\www\\htxtravinh7\\vendor\\laravel\\framework\\src\\Illuminate\\Container\\Util.php(36): Illuminate\\Container\\BoundMethod::Illuminate\\Container\\{closure}()
#20 D:\\Wamp64\\www\\htxtravinh7\\vendor\\laravel\\framework\\src\\Illuminate\\Container\\BoundMethod.php(90): Illuminate\\Container\\Util::unwrapIfClosure(Object(Closure))
#21 D:\\Wamp64\\www\\htxtravinh7\\vendor\\laravel\\framework\\src\\Illuminate\\Container\\BoundMethod.php(34): Illuminate\\Container\\BoundMethod::callBoundMethod(Object(Illuminate\\Foundation\\Application), Array, Object(Closure))
#22 D:\\Wamp64\\www\\htxtravinh7\\vendor\\laravel\\framework\\src\\Illuminate\\Container\\Container.php(590): Illuminate\\Container\\BoundMethod::call(Object(Illuminate\\Foundation\\Application), Array, Array, NULL)
#23 D:\\Wamp64\\www\\htxtravinh7\\vendor\\laravel\\framework\\src\\Illuminate\\Console\\Command.php(134): Illuminate\\Container\\Container->call(Array)
#24 D:\\Wamp64\\www\\htxtravinh7\\vendor\\symfony\\console\\Command\\Command.php(255): Illuminate\\Console\\Command->execute(Object(Symfony\\Component\\Console\\Input\\ArgvInput), Object(Illuminate\\Console\\OutputStyle))
#25 D:\\Wamp64\\www\\htxtravinh7\\vendor\\laravel\\framework\\src\\Illuminate\\Console\\Command.php(121): Symfony\\Component\\Console\\Command\\Command->run(Object(Symfony\\Component\\Console\\Input\\ArgvInput), Object(Illuminate\\Console\\OutputStyle))
#26 D:\\Wamp64\\www\\htxtravinh7\\vendor\\symfony\\console\\Application.php(912): Illuminate\\Console\\Command->run(Object(Symfony\\Component\\Console\\Input\\ArgvInput), Object(Symfony\\Component\\Console\\Output\\ConsoleOutput))
#27 D:\\Wamp64\\www\\htxtravinh7\\vendor\\symfony\\console\\Application.php(264): Symfony\\Component\\Console\\Application->doRunCommand(Object(Illuminate\\Database\\Console\\Migrations\\MigrateCommand), Object(Symfony\\Component\\Console\\Input\\ArgvInput), Object(Symfony\\Component\\Console\\Output\\ConsoleOutput))
#28 D:\\Wamp64\\www\\htxtravinh7\\vendor\\symfony\\console\\Application.php(140): Symfony\\Component\\Console\\Application->doRun(Object(Symfony\\Component\\Console\\Input\\ArgvInput), Object(Symfony\\Component\\Console\\Output\\ConsoleOutput))
#29 D:\\Wamp64\\www\\htxtravinh7\\vendor\\laravel\\framework\\src\\Illuminate\\Console\\Application.php(93): Symfony\\Component\\Console\\Application->run(Object(Symfony\\Component\\Console\\Input\\ArgvInput), Object(Symfony\\Component\\Console\\Output\\ConsoleOutput))
#30 D:\\Wamp64\\www\\htxtravinh7\\vendor\\laravel\\framework\\src\\Illuminate\\Foundation\\Console\\Kernel.php(130): Illuminate\\Console\\Application->run(Object(Symfony\\Component\\Console\\Input\\ArgvInput), Object(Symfony\\Component\\Console\\Output\\ConsoleOutput))
#31 D:\\Wamp64\\www\\htxtravinh7\\artisan(35): Illuminate\\Foundation\\Console\\Kernel->handle(Object(Symfony\\Component\\Console\\Input\\ArgvInput), Object(Symfony\\Component\\Console\\Output\\ConsoleOutput))
#32 {main}
"} 
[2020-03-09 08:54:29] local.ERROR: SQLSTATE[42000]: Syntax error or access violation: 1166 Incorrect column name 'tongsanluongdukien ' (SQL: create table `kehoachsanxuat` (`id` bigint unsigned not null auto_increment primary key, `muavu_id` bigint unsigned not null, `vungnguyenlieu_id` bigint unsigned not null, `thoigianbatdau` date not null, `thoigianketthuc` date not null, `tongdientichsx` int null, `nangsuatdukien` int null, `tongsanluongdukien ` int null, `tongsohothamgia` int null, `thongtinkhac` text null, `created_at` timestamp not null default CURRENT_TIMESTAMP, `updated_at` timestamp not null default CURRENT_TIMESTAMP ON UPDATE CURRENT_TIMESTAMP) default character set utf8mb4 collate 'utf8mb4_unicode_ci') {"exception":"[object] (Illuminate\\Database\\QueryException(code: 42000): SQLSTATE[42000]: Syntax error or access violation: 1166 Incorrect column name 'tongsanluongdukien ' (SQL: create table `kehoachsanxuat` (`id` bigint unsigned not null auto_increment primary key, `muavu_id` bigint unsigned not null, `vungnguyenlieu_id` bigint unsigned not null, `thoigianbatdau` date not null, `thoigianketthuc` date not null, `tongdientichsx` int null, `nangsuatdukien` int null, `tongsanluongdukien ` int null, `tongsohothamgia` int null, `thongtinkhac` text null, `created_at` timestamp not null default CURRENT_TIMESTAMP, `updated_at` timestamp not null default CURRENT_TIMESTAMP ON UPDATE CURRENT_TIMESTAMP) default character set utf8mb4 collate 'utf8mb4_unicode_ci') at D:\\Wamp64\\www\\htxtravinh7\\vendor\\laravel\\framework\\src\\Illuminate\\Database\\Connection.php:669)
[stacktrace]
#0 D:\\Wamp64\\www\\htxtravinh7\\vendor\\laravel\\framework\\src\\Illuminate\\Database\\Connection.php(629): Illuminate\\Database\\Connection->runQueryCallback('create table `k...', Array, Object(Closure))
#1 D:\\Wamp64\\www\\htxtravinh7\\vendor\\laravel\\framework\\src\\Illuminate\\Database\\Connection.php(464): Illuminate\\Database\\Connection->run('create table `k...', Array, Object(Closure))
#2 D:\\Wamp64\\www\\htxtravinh7\\vendor\\laravel\\framework\\src\\Illuminate\\Database\\Schema\\Blueprint.php(97): Illuminate\\Database\\Connection->statement('create table `k...')
#3 D:\\Wamp64\\www\\htxtravinh7\\vendor\\laravel\\framework\\src\\Illuminate\\Database\\Schema\\Builder.php(290): Illuminate\\Database\\Schema\\Blueprint->build(Object(Illuminate\\Database\\MySqlConnection), Object(Illuminate\\Database\\Schema\\Grammars\\MySqlGrammar))
#4 D:\\Wamp64\\www\\htxtravinh7\\vendor\\laravel\\framework\\src\\Illuminate\\Database\\Schema\\Builder.php(167): Illuminate\\Database\\Schema\\Builder->build(Object(Illuminate\\Database\\Schema\\Blueprint))
#5 D:\\Wamp64\\www\\htxtravinh7\\vendor\\laravel\\framework\\src\\Illuminate\\Support\\Facades\\Facade.php(261): Illuminate\\Database\\Schema\\Builder->create('kehoachsanxuat', Object(Closure))
#6 D:\\Wamp64\\www\\htxtravinh7\\database\\migrations\\2020_03_03_000023_create_ke_hoach_san_xuat_table.php(34): Illuminate\\Support\\Facades\\Facade::__callStatic('create', Array)
#7 D:\\Wamp64\\www\\htxtravinh7\\vendor\\laravel\\framework\\src\\Illuminate\\Database\\Migrations\\Migrator.php(392): CreateKeHoachSanXuatTable->up()
#8 D:\\Wamp64\\www\\htxtravinh7\\vendor\\laravel\\framework\\src\\Illuminate\\Database\\Migrations\\Migrator.php(401): Illuminate\\Database\\Migrations\\Migrator->Illuminate\\Database\\Migrations\\{closure}()
#9 D:\\Wamp64\\www\\htxtravinh7\\vendor\\laravel\\framework\\src\\Illuminate\\Database\\Migrations\\Migrator.php(200): Illuminate\\Database\\Migrations\\Migrator->runMigration(Object(CreateKeHoachSanXuatTable), 'up')
#10 D:\\Wamp64\\www\\htxtravinh7\\vendor\\laravel\\framework\\src\\Illuminate\\Database\\Migrations\\Migrator.php(165): Illuminate\\Database\\Migrations\\Migrator->runUp('D:\\\\Wamp64\\\\www\\\\h...', 2, false)
#11 D:\\Wamp64\\www\\htxtravinh7\\vendor\\laravel\\framework\\src\\Illuminate\\Database\\Migrations\\Migrator.php(110): Illuminate\\Database\\Migrations\\Migrator->runPending(Array, Array)
#12 D:\\Wamp64\\www\\htxtravinh7\\vendor\\laravel\\framework\\src\\Illuminate\\Database\\Console\\Migrations\\MigrateCommand.php(72): Illuminate\\Database\\Migrations\\Migrator->run(Array, Array)
#13 D:\\Wamp64\\www\\htxtravinh7\\vendor\\laravel\\framework\\src\\Illuminate\\Database\\Migrations\\Migrator.php(541): Illuminate\\Database\\Console\\Migrations\\MigrateCommand->Illuminate\\Database\\Console\\Migrations\\{closure}()
#14 D:\\Wamp64\\www\\htxtravinh7\\vendor\\laravel\\framework\\src\\Illuminate\\Database\\Console\\Migrations\\MigrateCommand.php(81): Illuminate\\Database\\Migrations\\Migrator->usingConnection(NULL, Object(Closure))
#15 [internal function]: Illuminate\\Database\\Console\\Migrations\\MigrateCommand->handle()
#16 D:\\Wamp64\\www\\htxtravinh7\\vendor\\laravel\\framework\\src\\Illuminate\\Container\\BoundMethod.php(32): call_user_func_array(Array, Array)
#17 D:\\Wamp64\\www\\htxtravinh7\\vendor\\laravel\\framework\\src\\Illuminate\\Container\\Util.php(36): Illuminate\\Container\\BoundMethod::Illuminate\\Container\\{closure}()
#18 D:\\Wamp64\\www\\htxtravinh7\\vendor\\laravel\\framework\\src\\Illuminate\\Container\\BoundMethod.php(90): Illuminate\\Container\\Util::unwrapIfClosure(Object(Closure))
#19 D:\\Wamp64\\www\\htxtravinh7\\vendor\\laravel\\framework\\src\\Illuminate\\Container\\BoundMethod.php(34): Illuminate\\Container\\BoundMethod::callBoundMethod(Object(Illuminate\\Foundation\\Application), Array, Object(Closure))
#20 D:\\Wamp64\\www\\htxtravinh7\\vendor\\laravel\\framework\\src\\Illuminate\\Container\\Container.php(590): Illuminate\\Container\\BoundMethod::call(Object(Illuminate\\Foundation\\Application), Array, Array, NULL)
#21 D:\\Wamp64\\www\\htxtravinh7\\vendor\\laravel\\framework\\src\\Illuminate\\Console\\Command.php(134): Illuminate\\Container\\Container->call(Array)
#22 D:\\Wamp64\\www\\htxtravinh7\\vendor\\symfony\\console\\Command\\Command.php(255): Illuminate\\Console\\Command->execute(Object(Symfony\\Component\\Console\\Input\\ArgvInput), Object(Illuminate\\Console\\OutputStyle))
#23 D:\\Wamp64\\www\\htxtravinh7\\vendor\\laravel\\framework\\src\\Illuminate\\Console\\Command.php(121): Symfony\\Component\\Console\\Command\\Command->run(Object(Symfony\\Component\\Console\\Input\\ArgvInput), Object(Illuminate\\Console\\OutputStyle))
#24 D:\\Wamp64\\www\\htxtravinh7\\vendor\\symfony\\console\\Application.php(912): Illuminate\\Console\\Command->run(Object(Symfony\\Component\\Console\\Input\\ArgvInput), Object(Symfony\\Component\\Console\\Output\\ConsoleOutput))
#25 D:\\Wamp64\\www\\htxtravinh7\\vendor\\symfony\\console\\Application.php(264): Symfony\\Component\\Console\\Application->doRunCommand(Object(Illuminate\\Database\\Console\\Migrations\\MigrateCommand), Object(Symfony\\Component\\Console\\Input\\ArgvInput), Object(Symfony\\Component\\Console\\Output\\ConsoleOutput))
#26 D:\\Wamp64\\www\\htxtravinh7\\vendor\\symfony\\console\\Application.php(140): Symfony\\Component\\Console\\Application->doRun(Object(Symfony\\Component\\Console\\Input\\ArgvInput), Object(Symfony\\Component\\Console\\Output\\ConsoleOutput))
#27 D:\\Wamp64\\www\\htxtravinh7\\vendor\\laravel\\framework\\src\\Illuminate\\Console\\Application.php(93): Symfony\\Component\\Console\\Application->run(Object(Symfony\\Component\\Console\\Input\\ArgvInput), Object(Symfony\\Component\\Console\\Output\\ConsoleOutput))
#28 D:\\Wamp64\\www\\htxtravinh7\\vendor\\laravel\\framework\\src\\Illuminate\\Foundation\\Console\\Kernel.php(130): Illuminate\\Console\\Application->run(Object(Symfony\\Component\\Console\\Input\\ArgvInput), Object(Symfony\\Component\\Console\\Output\\ConsoleOutput))
#29 D:\\Wamp64\\www\\htxtravinh7\\artisan(35): Illuminate\\Foundation\\Console\\Kernel->handle(Object(Symfony\\Component\\Console\\Input\\ArgvInput), Object(Symfony\\Component\\Console\\Output\\ConsoleOutput))
#30 {main}

[previous exception] [object] (PDOException(code: 42000): SQLSTATE[42000]: Syntax error or access violation: 1166 Incorrect column name 'tongsanluongdukien ' at D:\\Wamp64\\www\\htxtravinh7\\vendor\\laravel\\framework\\src\\Illuminate\\Database\\Connection.php:463)
[stacktrace]
#0 D:\\Wamp64\\www\\htxtravinh7\\vendor\\laravel\\framework\\src\\Illuminate\\Database\\Connection.php(463): PDOStatement->execute()
#1 D:\\Wamp64\\www\\htxtravinh7\\vendor\\laravel\\framework\\src\\Illuminate\\Database\\Connection.php(662): Illuminate\\Database\\Connection->Illuminate\\Database\\{closure}('create table `k...', Array)
#2 D:\\Wamp64\\www\\htxtravinh7\\vendor\\laravel\\framework\\src\\Illuminate\\Database\\Connection.php(629): Illuminate\\Database\\Connection->runQueryCallback('create table `k...', Array, Object(Closure))
#3 D:\\Wamp64\\www\\htxtravinh7\\vendor\\laravel\\framework\\src\\Illuminate\\Database\\Connection.php(464): Illuminate\\Database\\Connection->run('create table `k...', Array, Object(Closure))
#4 D:\\Wamp64\\www\\htxtravinh7\\vendor\\laravel\\framework\\src\\Illuminate\\Database\\Schema\\Blueprint.php(97): Illuminate\\Database\\Connection->statement('create table `k...')
#5 D:\\Wamp64\\www\\htxtravinh7\\vendor\\laravel\\framework\\src\\Illuminate\\Database\\Schema\\Builder.php(290): Illuminate\\Database\\Schema\\Blueprint->build(Object(Illuminate\\Database\\MySqlConnection), Object(Illuminate\\Database\\Schema\\Grammars\\MySqlGrammar))
#6 D:\\Wamp64\\www\\htxtravinh7\\vendor\\laravel\\framework\\src\\Illuminate\\Database\\Schema\\Builder.php(167): Illuminate\\Database\\Schema\\Builder->build(Object(Illuminate\\Database\\Schema\\Blueprint))
#7 D:\\Wamp64\\www\\htxtravinh7\\vendor\\laravel\\framework\\src\\Illuminate\\Support\\Facades\\Facade.php(261): Illuminate\\Database\\Schema\\Builder->create('kehoachsanxuat', Object(Closure))
#8 D:\\Wamp64\\www\\htxtravinh7\\database\\migrations\\2020_03_03_000023_create_ke_hoach_san_xuat_table.php(34): Illuminate\\Support\\Facades\\Facade::__callStatic('create', Array)
#9 D:\\Wamp64\\www\\htxtravinh7\\vendor\\laravel\\framework\\src\\Illuminate\\Database\\Migrations\\Migrator.php(392): CreateKeHoachSanXuatTable->up()
#10 D:\\Wamp64\\www\\htxtravinh7\\vendor\\laravel\\framework\\src\\Illuminate\\Database\\Migrations\\Migrator.php(401): Illuminate\\Database\\Migrations\\Migrator->Illuminate\\Database\\Migrations\\{closure}()
#11 D:\\Wamp64\\www\\htxtravinh7\\vendor\\laravel\\framework\\src\\Illuminate\\Database\\Migrations\\Migrator.php(200): Illuminate\\Database\\Migrations\\Migrator->runMigration(Object(CreateKeHoachSanXuatTable), 'up')
#12 D:\\Wamp64\\www\\htxtravinh7\\vendor\\laravel\\framework\\src\\Illuminate\\Database\\Migrations\\Migrator.php(165): Illuminate\\Database\\Migrations\\Migrator->runUp('D:\\\\Wamp64\\\\www\\\\h...', 2, false)
#13 D:\\Wamp64\\www\\htxtravinh7\\vendor\\laravel\\framework\\src\\Illuminate\\Database\\Migrations\\Migrator.php(110): Illuminate\\Database\\Migrations\\Migrator->runPending(Array, Array)
#14 D:\\Wamp64\\www\\htxtravinh7\\vendor\\laravel\\framework\\src\\Illuminate\\Database\\Console\\Migrations\\MigrateCommand.php(72): Illuminate\\Database\\Migrations\\Migrator->run(Array, Array)
#15 D:\\Wamp64\\www\\htxtravinh7\\vendor\\laravel\\framework\\src\\Illuminate\\Database\\Migrations\\Migrator.php(541): Illuminate\\Database\\Console\\Migrations\\MigrateCommand->Illuminate\\Database\\Console\\Migrations\\{closure}()
#16 D:\\Wamp64\\www\\htxtravinh7\\vendor\\laravel\\framework\\src\\Illuminate\\Database\\Console\\Migrations\\MigrateCommand.php(81): Illuminate\\Database\\Migrations\\Migrator->usingConnection(NULL, Object(Closure))
#17 [internal function]: Illuminate\\Database\\Console\\Migrations\\MigrateCommand->handle()
#18 D:\\Wamp64\\www\\htxtravinh7\\vendor\\laravel\\framework\\src\\Illuminate\\Container\\BoundMethod.php(32): call_user_func_array(Array, Array)
#19 D:\\Wamp64\\www\\htxtravinh7\\vendor\\laravel\\framework\\src\\Illuminate\\Container\\Util.php(36): Illuminate\\Container\\BoundMethod::Illuminate\\Container\\{closure}()
#20 D:\\Wamp64\\www\\htxtravinh7\\vendor\\laravel\\framework\\src\\Illuminate\\Container\\BoundMethod.php(90): Illuminate\\Container\\Util::unwrapIfClosure(Object(Closure))
#21 D:\\Wamp64\\www\\htxtravinh7\\vendor\\laravel\\framework\\src\\Illuminate\\Container\\BoundMethod.php(34): Illuminate\\Container\\BoundMethod::callBoundMethod(Object(Illuminate\\Foundation\\Application), Array, Object(Closure))
#22 D:\\Wamp64\\www\\htxtravinh7\\vendor\\laravel\\framework\\src\\Illuminate\\Container\\Container.php(590): Illuminate\\Container\\BoundMethod::call(Object(Illuminate\\Foundation\\Application), Array, Array, NULL)
#23 D:\\Wamp64\\www\\htxtravinh7\\vendor\\laravel\\framework\\src\\Illuminate\\Console\\Command.php(134): Illuminate\\Container\\Container->call(Array)
#24 D:\\Wamp64\\www\\htxtravinh7\\vendor\\symfony\\console\\Command\\Command.php(255): Illuminate\\Console\\Command->execute(Object(Symfony\\Component\\Console\\Input\\ArgvInput), Object(Illuminate\\Console\\OutputStyle))
#25 D:\\Wamp64\\www\\htxtravinh7\\vendor\\laravel\\framework\\src\\Illuminate\\Console\\Command.php(121): Symfony\\Component\\Console\\Command\\Command->run(Object(Symfony\\Component\\Console\\Input\\ArgvInput), Object(Illuminate\\Console\\OutputStyle))
#26 D:\\Wamp64\\www\\htxtravinh7\\vendor\\symfony\\console\\Application.php(912): Illuminate\\Console\\Command->run(Object(Symfony\\Component\\Console\\Input\\ArgvInput), Object(Symfony\\Component\\Console\\Output\\ConsoleOutput))
#27 D:\\Wamp64\\www\\htxtravinh7\\vendor\\symfony\\console\\Application.php(264): Symfony\\Component\\Console\\Application->doRunCommand(Object(Illuminate\\Database\\Console\\Migrations\\MigrateCommand), Object(Symfony\\Component\\Console\\Input\\ArgvInput), Object(Symfony\\Component\\Console\\Output\\ConsoleOutput))
#28 D:\\Wamp64\\www\\htxtravinh7\\vendor\\symfony\\console\\Application.php(140): Symfony\\Component\\Console\\Application->doRun(Object(Symfony\\Component\\Console\\Input\\ArgvInput), Object(Symfony\\Component\\Console\\Output\\ConsoleOutput))
#29 D:\\Wamp64\\www\\htxtravinh7\\vendor\\laravel\\framework\\src\\Illuminate\\Console\\Application.php(93): Symfony\\Component\\Console\\Application->run(Object(Symfony\\Component\\Console\\Input\\ArgvInput), Object(Symfony\\Component\\Console\\Output\\ConsoleOutput))
#30 D:\\Wamp64\\www\\htxtravinh7\\vendor\\laravel\\framework\\src\\Illuminate\\Foundation\\Console\\Kernel.php(130): Illuminate\\Console\\Application->run(Object(Symfony\\Component\\Console\\Input\\ArgvInput), Object(Symfony\\Component\\Console\\Output\\ConsoleOutput))
#31 D:\\Wamp64\\www\\htxtravinh7\\artisan(35): Illuminate\\Foundation\\Console\\Kernel->handle(Object(Symfony\\Component\\Console\\Input\\ArgvInput), Object(Symfony\\Component\\Console\\Output\\ConsoleOutput))
#32 {main}
"} 
[2020-03-09 09:01:33] local.ERROR: SQLSTATE[HY000]: General error: 1005 Can't create table `htxtravinh`.`chinhsachnongnghiep` (errno: 150 "Foreign key constraint is incorrectly formed") (SQL: alter table `chinhsachnongnghiep` add constraint `chinhsachnongnghiep_hoptacxa_id_foreign` foreign key (`hoptacxa_id`) references `hoptacxas` (`id`)) {"exception":"[object] (Illuminate\\Database\\QueryException(code: HY000): SQLSTATE[HY000]: General error: 1005 Can't create table `htxtravinh`.`chinhsachnongnghiep` (errno: 150 \"Foreign key constraint is incorrectly formed\") (SQL: alter table `chinhsachnongnghiep` add constraint `chinhsachnongnghiep_hoptacxa_id_foreign` foreign key (`hoptacxa_id`) references `hoptacxas` (`id`)) at D:\\Wamp64\\www\\htxtravinh7\\vendor\\laravel\\framework\\src\\Illuminate\\Database\\Connection.php:669)
[stacktrace]
#0 D:\\Wamp64\\www\\htxtravinh7\\vendor\\laravel\\framework\\src\\Illuminate\\Database\\Connection.php(629): Illuminate\\Database\\Connection->runQueryCallback('alter table `ch...', Array, Object(Closure))
#1 D:\\Wamp64\\www\\htxtravinh7\\vendor\\laravel\\framework\\src\\Illuminate\\Database\\Connection.php(464): Illuminate\\Database\\Connection->run('alter table `ch...', Array, Object(Closure))
#2 D:\\Wamp64\\www\\htxtravinh7\\vendor\\laravel\\framework\\src\\Illuminate\\Database\\Schema\\Blueprint.php(97): Illuminate\\Database\\Connection->statement('alter table `ch...')
#3 D:\\Wamp64\\www\\htxtravinh7\\vendor\\laravel\\framework\\src\\Illuminate\\Database\\Schema\\Builder.php(290): Illuminate\\Database\\Schema\\Blueprint->build(Object(Illuminate\\Database\\MySqlConnection), Object(Illuminate\\Database\\Schema\\Grammars\\MySqlGrammar))
#4 D:\\Wamp64\\www\\htxtravinh7\\vendor\\laravel\\framework\\src\\Illuminate\\Database\\Schema\\Builder.php(167): Illuminate\\Database\\Schema\\Builder->build(Object(Illuminate\\Database\\Schema\\Blueprint))
#5 D:\\Wamp64\\www\\htxtravinh7\\vendor\\laravel\\framework\\src\\Illuminate\\Support\\Facades\\Facade.php(261): Illuminate\\Database\\Schema\\Builder->create('chinhsachnongng...', Object(Closure))
#6 D:\\Wamp64\\www\\htxtravinh7\\database\\migrations\\2020_03_03_000039_create_chinh_sach_nong_nghiep_table.php(32): Illuminate\\Support\\Facades\\Facade::__callStatic('create', Array)
#7 D:\\Wamp64\\www\\htxtravinh7\\vendor\\laravel\\framework\\src\\Illuminate\\Database\\Migrations\\Migrator.php(392): CreateChinhSachNongNghiepTable->up()
#8 D:\\Wamp64\\www\\htxtravinh7\\vendor\\laravel\\framework\\src\\Illuminate\\Database\\Migrations\\Migrator.php(401): Illuminate\\Database\\Migrations\\Migrator->Illuminate\\Database\\Migrations\\{closure}()
#9 D:\\Wamp64\\www\\htxtravinh7\\vendor\\laravel\\framework\\src\\Illuminate\\Database\\Migrations\\Migrator.php(200): Illuminate\\Database\\Migrations\\Migrator->runMigration(Object(CreateChinhSachNongNghiepTable), 'up')
#10 D:\\Wamp64\\www\\htxtravinh7\\vendor\\laravel\\framework\\src\\Illuminate\\Database\\Migrations\\Migrator.php(165): Illuminate\\Database\\Migrations\\Migrator->runUp('D:\\\\Wamp64\\\\www\\\\h...', 1, false)
#11 D:\\Wamp64\\www\\htxtravinh7\\vendor\\laravel\\framework\\src\\Illuminate\\Database\\Migrations\\Migrator.php(110): Illuminate\\Database\\Migrations\\Migrator->runPending(Array, Array)
#12 D:\\Wamp64\\www\\htxtravinh7\\vendor\\laravel\\framework\\src\\Illuminate\\Database\\Console\\Migrations\\MigrateCommand.php(72): Illuminate\\Database\\Migrations\\Migrator->run(Array, Array)
#13 D:\\Wamp64\\www\\htxtravinh7\\vendor\\laravel\\framework\\src\\Illuminate\\Database\\Migrations\\Migrator.php(541): Illuminate\\Database\\Console\\Migrations\\MigrateCommand->Illuminate\\Database\\Console\\Migrations\\{closure}()
#14 D:\\Wamp64\\www\\htxtravinh7\\vendor\\laravel\\framework\\src\\Illuminate\\Database\\Console\\Migrations\\MigrateCommand.php(81): Illuminate\\Database\\Migrations\\Migrator->usingConnection(NULL, Object(Closure))
#15 [internal function]: Illuminate\\Database\\Console\\Migrations\\MigrateCommand->handle()
#16 D:\\Wamp64\\www\\htxtravinh7\\vendor\\laravel\\framework\\src\\Illuminate\\Container\\BoundMethod.php(32): call_user_func_array(Array, Array)
#17 D:\\Wamp64\\www\\htxtravinh7\\vendor\\laravel\\framework\\src\\Illuminate\\Container\\Util.php(36): Illuminate\\Container\\BoundMethod::Illuminate\\Container\\{closure}()
#18 D:\\Wamp64\\www\\htxtravinh7\\vendor\\laravel\\framework\\src\\Illuminate\\Container\\BoundMethod.php(90): Illuminate\\Container\\Util::unwrapIfClosure(Object(Closure))
#19 D:\\Wamp64\\www\\htxtravinh7\\vendor\\laravel\\framework\\src\\Illuminate\\Container\\BoundMethod.php(34): Illuminate\\Container\\BoundMethod::callBoundMethod(Object(Illuminate\\Foundation\\Application), Array, Object(Closure))
#20 D:\\Wamp64\\www\\htxtravinh7\\vendor\\laravel\\framework\\src\\Illuminate\\Container\\Container.php(590): Illuminate\\Container\\BoundMethod::call(Object(Illuminate\\Foundation\\Application), Array, Array, NULL)
#21 D:\\Wamp64\\www\\htxtravinh7\\vendor\\laravel\\framework\\src\\Illuminate\\Console\\Command.php(134): Illuminate\\Container\\Container->call(Array)
#22 D:\\Wamp64\\www\\htxtravinh7\\vendor\\symfony\\console\\Command\\Command.php(255): Illuminate\\Console\\Command->execute(Object(Symfony\\Component\\Console\\Input\\ArgvInput), Object(Illuminate\\Console\\OutputStyle))
#23 D:\\Wamp64\\www\\htxtravinh7\\vendor\\laravel\\framework\\src\\Illuminate\\Console\\Command.php(121): Symfony\\Component\\Console\\Command\\Command->run(Object(Symfony\\Component\\Console\\Input\\ArgvInput), Object(Illuminate\\Console\\OutputStyle))
#24 D:\\Wamp64\\www\\htxtravinh7\\vendor\\symfony\\console\\Application.php(912): Illuminate\\Console\\Command->run(Object(Symfony\\Component\\Console\\Input\\ArgvInput), Object(Symfony\\Component\\Console\\Output\\ConsoleOutput))
#25 D:\\Wamp64\\www\\htxtravinh7\\vendor\\symfony\\console\\Application.php(264): Symfony\\Component\\Console\\Application->doRunCommand(Object(Illuminate\\Database\\Console\\Migrations\\MigrateCommand), Object(Symfony\\Component\\Console\\Input\\ArgvInput), Object(Symfony\\Component\\Console\\Output\\ConsoleOutput))
#26 D:\\Wamp64\\www\\htxtravinh7\\vendor\\symfony\\console\\Application.php(140): Symfony\\Component\\Console\\Application->doRun(Object(Symfony\\Component\\Console\\Input\\ArgvInput), Object(Symfony\\Component\\Console\\Output\\ConsoleOutput))
#27 D:\\Wamp64\\www\\htxtravinh7\\vendor\\laravel\\framework\\src\\Illuminate\\Console\\Application.php(93): Symfony\\Component\\Console\\Application->run(Object(Symfony\\Component\\Console\\Input\\ArgvInput), Object(Symfony\\Component\\Console\\Output\\ConsoleOutput))
#28 D:\\Wamp64\\www\\htxtravinh7\\vendor\\laravel\\framework\\src\\Illuminate\\Foundation\\Console\\Kernel.php(130): Illuminate\\Console\\Application->run(Object(Symfony\\Component\\Console\\Input\\ArgvInput), Object(Symfony\\Component\\Console\\Output\\ConsoleOutput))
#29 D:\\Wamp64\\www\\htxtravinh7\\artisan(35): Illuminate\\Foundation\\Console\\Kernel->handle(Object(Symfony\\Component\\Console\\Input\\ArgvInput), Object(Symfony\\Component\\Console\\Output\\ConsoleOutput))
#30 {main}

[previous exception] [object] (PDOException(code: HY000): SQLSTATE[HY000]: General error: 1005 Can't create table `htxtravinh`.`chinhsachnongnghiep` (errno: 150 \"Foreign key constraint is incorrectly formed\") at D:\\Wamp64\\www\\htxtravinh7\\vendor\\laravel\\framework\\src\\Illuminate\\Database\\Connection.php:463)
[stacktrace]
#0 D:\\Wamp64\\www\\htxtravinh7\\vendor\\laravel\\framework\\src\\Illuminate\\Database\\Connection.php(463): PDOStatement->execute()
#1 D:\\Wamp64\\www\\htxtravinh7\\vendor\\laravel\\framework\\src\\Illuminate\\Database\\Connection.php(662): Illuminate\\Database\\Connection->Illuminate\\Database\\{closure}('alter table `ch...', Array)
#2 D:\\Wamp64\\www\\htxtravinh7\\vendor\\laravel\\framework\\src\\Illuminate\\Database\\Connection.php(629): Illuminate\\Database\\Connection->runQueryCallback('alter table `ch...', Array, Object(Closure))
#3 D:\\Wamp64\\www\\htxtravinh7\\vendor\\laravel\\framework\\src\\Illuminate\\Database\\Connection.php(464): Illuminate\\Database\\Connection->run('alter table `ch...', Array, Object(Closure))
#4 D:\\Wamp64\\www\\htxtravinh7\\vendor\\laravel\\framework\\src\\Illuminate\\Database\\Schema\\Blueprint.php(97): Illuminate\\Database\\Connection->statement('alter table `ch...')
#5 D:\\Wamp64\\www\\htxtravinh7\\vendor\\laravel\\framework\\src\\Illuminate\\Database\\Schema\\Builder.php(290): Illuminate\\Database\\Schema\\Blueprint->build(Object(Illuminate\\Database\\MySqlConnection), Object(Illuminate\\Database\\Schema\\Grammars\\MySqlGrammar))
#6 D:\\Wamp64\\www\\htxtravinh7\\vendor\\laravel\\framework\\src\\Illuminate\\Database\\Schema\\Builder.php(167): Illuminate\\Database\\Schema\\Builder->build(Object(Illuminate\\Database\\Schema\\Blueprint))
#7 D:\\Wamp64\\www\\htxtravinh7\\vendor\\laravel\\framework\\src\\Illuminate\\Support\\Facades\\Facade.php(261): Illuminate\\Database\\Schema\\Builder->create('chinhsachnongng...', Object(Closure))
#8 D:\\Wamp64\\www\\htxtravinh7\\database\\migrations\\2020_03_03_000039_create_chinh_sach_nong_nghiep_table.php(32): Illuminate\\Support\\Facades\\Facade::__callStatic('create', Array)
#9 D:\\Wamp64\\www\\htxtravinh7\\vendor\\laravel\\framework\\src\\Illuminate\\Database\\Migrations\\Migrator.php(392): CreateChinhSachNongNghiepTable->up()
#10 D:\\Wamp64\\www\\htxtravinh7\\vendor\\laravel\\framework\\src\\Illuminate\\Database\\Migrations\\Migrator.php(401): Illuminate\\Database\\Migrations\\Migrator->Illuminate\\Database\\Migrations\\{closure}()
#11 D:\\Wamp64\\www\\htxtravinh7\\vendor\\laravel\\framework\\src\\Illuminate\\Database\\Migrations\\Migrator.php(200): Illuminate\\Database\\Migrations\\Migrator->runMigration(Object(CreateChinhSachNongNghiepTable), 'up')
#12 D:\\Wamp64\\www\\htxtravinh7\\vendor\\laravel\\framework\\src\\Illuminate\\Database\\Migrations\\Migrator.php(165): Illuminate\\Database\\Migrations\\Migrator->runUp('D:\\\\Wamp64\\\\www\\\\h...', 1, false)
#13 D:\\Wamp64\\www\\htxtravinh7\\vendor\\laravel\\framework\\src\\Illuminate\\Database\\Migrations\\Migrator.php(110): Illuminate\\Database\\Migrations\\Migrator->runPending(Array, Array)
#14 D:\\Wamp64\\www\\htxtravinh7\\vendor\\laravel\\framework\\src\\Illuminate\\Database\\Console\\Migrations\\MigrateCommand.php(72): Illuminate\\Database\\Migrations\\Migrator->run(Array, Array)
#15 D:\\Wamp64\\www\\htxtravinh7\\vendor\\laravel\\framework\\src\\Illuminate\\Database\\Migrations\\Migrator.php(541): Illuminate\\Database\\Console\\Migrations\\MigrateCommand->Illuminate\\Database\\Console\\Migrations\\{closure}()
#16 D:\\Wamp64\\www\\htxtravinh7\\vendor\\laravel\\framework\\src\\Illuminate\\Database\\Console\\Migrations\\MigrateCommand.php(81): Illuminate\\Database\\Migrations\\Migrator->usingConnection(NULL, Object(Closure))
#17 [internal function]: Illuminate\\Database\\Console\\Migrations\\MigrateCommand->handle()
#18 D:\\Wamp64\\www\\htxtravinh7\\vendor\\laravel\\framework\\src\\Illuminate\\Container\\BoundMethod.php(32): call_user_func_array(Array, Array)
#19 D:\\Wamp64\\www\\htxtravinh7\\vendor\\laravel\\framework\\src\\Illuminate\\Container\\Util.php(36): Illuminate\\Container\\BoundMethod::Illuminate\\Container\\{closure}()
#20 D:\\Wamp64\\www\\htxtravinh7\\vendor\\laravel\\framework\\src\\Illuminate\\Container\\BoundMethod.php(90): Illuminate\\Container\\Util::unwrapIfClosure(Object(Closure))
#21 D:\\Wamp64\\www\\htxtravinh7\\vendor\\laravel\\framework\\src\\Illuminate\\Container\\BoundMethod.php(34): Illuminate\\Container\\BoundMethod::callBoundMethod(Object(Illuminate\\Foundation\\Application), Array, Object(Closure))
#22 D:\\Wamp64\\www\\htxtravinh7\\vendor\\laravel\\framework\\src\\Illuminate\\Container\\Container.php(590): Illuminate\\Container\\BoundMethod::call(Object(Illuminate\\Foundation\\Application), Array, Array, NULL)
#23 D:\\Wamp64\\www\\htxtravinh7\\vendor\\laravel\\framework\\src\\Illuminate\\Console\\Command.php(134): Illuminate\\Container\\Container->call(Array)
#24 D:\\Wamp64\\www\\htxtravinh7\\vendor\\symfony\\console\\Command\\Command.php(255): Illuminate\\Console\\Command->execute(Object(Symfony\\Component\\Console\\Input\\ArgvInput), Object(Illuminate\\Console\\OutputStyle))
#25 D:\\Wamp64\\www\\htxtravinh7\\vendor\\laravel\\framework\\src\\Illuminate\\Console\\Command.php(121): Symfony\\Component\\Console\\Command\\Command->run(Object(Symfony\\Component\\Console\\Input\\ArgvInput), Object(Illuminate\\Console\\OutputStyle))
#26 D:\\Wamp64\\www\\htxtravinh7\\vendor\\symfony\\console\\Application.php(912): Illuminate\\Console\\Command->run(Object(Symfony\\Component\\Console\\Input\\ArgvInput), Object(Symfony\\Component\\Console\\Output\\ConsoleOutput))
#27 D:\\Wamp64\\www\\htxtravinh7\\vendor\\symfony\\console\\Application.php(264): Symfony\\Component\\Console\\Application->doRunCommand(Object(Illuminate\\Database\\Console\\Migrations\\MigrateCommand), Object(Symfony\\Component\\Console\\Input\\ArgvInput), Object(Symfony\\Component\\Console\\Output\\ConsoleOutput))
#28 D:\\Wamp64\\www\\htxtravinh7\\vendor\\symfony\\console\\Application.php(140): Symfony\\Component\\Console\\Application->doRun(Object(Symfony\\Component\\Console\\Input\\ArgvInput), Object(Symfony\\Component\\Console\\Output\\ConsoleOutput))
#29 D:\\Wamp64\\www\\htxtravinh7\\vendor\\laravel\\framework\\src\\Illuminate\\Console\\Application.php(93): Symfony\\Component\\Console\\Application->run(Object(Symfony\\Component\\Console\\Input\\ArgvInput), Object(Symfony\\Component\\Console\\Output\\ConsoleOutput))
#30 D:\\Wamp64\\www\\htxtravinh7\\vendor\\laravel\\framework\\src\\Illuminate\\Foundation\\Console\\Kernel.php(130): Illuminate\\Console\\Application->run(Object(Symfony\\Component\\Console\\Input\\ArgvInput), Object(Symfony\\Component\\Console\\Output\\ConsoleOutput))
#31 D:\\Wamp64\\www\\htxtravinh7\\artisan(35): Illuminate\\Foundation\\Console\\Kernel->handle(Object(Symfony\\Component\\Console\\Input\\ArgvInput), Object(Symfony\\Component\\Console\\Output\\ConsoleOutput))
#32 {main}
"} 
[2020-03-09 09:13:18] local.ERROR: SQLSTATE[42S01]: Base table or view already exists: 1050 Table 'chinhsachnongnghiep' already exists (SQL: create table `chinhsachnongnghiep` (`id` bigint unsigned not null auto_increment primary key, `hoptacxa_id` bigint unsigned not null, `nguoidung_id` bigint unsigned null, `tenchinhsach` varchar(191) not null, `sovanban` varchar(50) null, `tomtatnoidung` text null, `mota` text null, `taptin` varchar(191) null, `created_at` timestamp not null default CURRENT_TIMESTAMP, `updated_at` timestamp not null default CURRENT_TIMESTAMP ON UPDATE CURRENT_TIMESTAMP) default character set utf8mb4 collate 'utf8mb4_unicode_ci' engine = InnoDB) {"exception":"[object] (Illuminate\\Database\\QueryException(code: 42S01): SQLSTATE[42S01]: Base table or view already exists: 1050 Table 'chinhsachnongnghiep' already exists (SQL: create table `chinhsachnongnghiep` (`id` bigint unsigned not null auto_increment primary key, `hoptacxa_id` bigint unsigned not null, `nguoidung_id` bigint unsigned null, `tenchinhsach` varchar(191) not null, `sovanban` varchar(50) null, `tomtatnoidung` text null, `mota` text null, `taptin` varchar(191) null, `created_at` timestamp not null default CURRENT_TIMESTAMP, `updated_at` timestamp not null default CURRENT_TIMESTAMP ON UPDATE CURRENT_TIMESTAMP) default character set utf8mb4 collate 'utf8mb4_unicode_ci' engine = InnoDB) at D:\\Wamp64\\www\\htxtravinh7\\vendor\\laravel\\framework\\src\\Illuminate\\Database\\Connection.php:669)
[stacktrace]
#0 D:\\Wamp64\\www\\htxtravinh7\\vendor\\laravel\\framework\\src\\Illuminate\\Database\\Connection.php(629): Illuminate\\Database\\Connection->runQueryCallback('create table `c...', Array, Object(Closure))
#1 D:\\Wamp64\\www\\htxtravinh7\\vendor\\laravel\\framework\\src\\Illuminate\\Database\\Connection.php(464): Illuminate\\Database\\Connection->run('create table `c...', Array, Object(Closure))
#2 D:\\Wamp64\\www\\htxtravinh7\\vendor\\laravel\\framework\\src\\Illuminate\\Database\\Schema\\Blueprint.php(97): Illuminate\\Database\\Connection->statement('create table `c...')
#3 D:\\Wamp64\\www\\htxtravinh7\\vendor\\laravel\\framework\\src\\Illuminate\\Database\\Schema\\Builder.php(290): Illuminate\\Database\\Schema\\Blueprint->build(Object(Illuminate\\Database\\MySqlConnection), Object(Illuminate\\Database\\Schema\\Grammars\\MySqlGrammar))
#4 D:\\Wamp64\\www\\htxtravinh7\\vendor\\laravel\\framework\\src\\Illuminate\\Database\\Schema\\Builder.php(167): Illuminate\\Database\\Schema\\Builder->build(Object(Illuminate\\Database\\Schema\\Blueprint))
#5 D:\\Wamp64\\www\\htxtravinh7\\vendor\\laravel\\framework\\src\\Illuminate\\Support\\Facades\\Facade.php(261): Illuminate\\Database\\Schema\\Builder->create('chinhsachnongng...', Object(Closure))
#6 D:\\Wamp64\\www\\htxtravinh7\\database\\migrations\\2020_03_03_000039_create_chinh_sach_nong_nghiep_table.php(32): Illuminate\\Support\\Facades\\Facade::__callStatic('create', Array)
#7 D:\\Wamp64\\www\\htxtravinh7\\vendor\\laravel\\framework\\src\\Illuminate\\Database\\Migrations\\Migrator.php(392): CreateChinhSachNongNghiepTable->up()
#8 D:\\Wamp64\\www\\htxtravinh7\\vendor\\laravel\\framework\\src\\Illuminate\\Database\\Migrations\\Migrator.php(401): Illuminate\\Database\\Migrations\\Migrator->Illuminate\\Database\\Migrations\\{closure}()
#9 D:\\Wamp64\\www\\htxtravinh7\\vendor\\laravel\\framework\\src\\Illuminate\\Database\\Migrations\\Migrator.php(200): Illuminate\\Database\\Migrations\\Migrator->runMigration(Object(CreateChinhSachNongNghiepTable), 'up')
#10 D:\\Wamp64\\www\\htxtravinh7\\vendor\\laravel\\framework\\src\\Illuminate\\Database\\Migrations\\Migrator.php(165): Illuminate\\Database\\Migrations\\Migrator->runUp('D:\\\\Wamp64\\\\www\\\\h...', 2, false)
#11 D:\\Wamp64\\www\\htxtravinh7\\vendor\\laravel\\framework\\src\\Illuminate\\Database\\Migrations\\Migrator.php(110): Illuminate\\Database\\Migrations\\Migrator->runPending(Array, Array)
#12 D:\\Wamp64\\www\\htxtravinh7\\vendor\\laravel\\framework\\src\\Illuminate\\Database\\Console\\Migrations\\MigrateCommand.php(72): Illuminate\\Database\\Migrations\\Migrator->run(Array, Array)
#13 D:\\Wamp64\\www\\htxtravinh7\\vendor\\laravel\\framework\\src\\Illuminate\\Database\\Migrations\\Migrator.php(541): Illuminate\\Database\\Console\\Migrations\\MigrateCommand->Illuminate\\Database\\Console\\Migrations\\{closure}()
#14 D:\\Wamp64\\www\\htxtravinh7\\vendor\\laravel\\framework\\src\\Illuminate\\Database\\Console\\Migrations\\MigrateCommand.php(81): Illuminate\\Database\\Migrations\\Migrator->usingConnection(NULL, Object(Closure))
#15 [internal function]: Illuminate\\Database\\Console\\Migrations\\MigrateCommand->handle()
#16 D:\\Wamp64\\www\\htxtravinh7\\vendor\\laravel\\framework\\src\\Illuminate\\Container\\BoundMethod.php(32): call_user_func_array(Array, Array)
#17 D:\\Wamp64\\www\\htxtravinh7\\vendor\\laravel\\framework\\src\\Illuminate\\Container\\Util.php(36): Illuminate\\Container\\BoundMethod::Illuminate\\Container\\{closure}()
#18 D:\\Wamp64\\www\\htxtravinh7\\vendor\\laravel\\framework\\src\\Illuminate\\Container\\BoundMethod.php(90): Illuminate\\Container\\Util::unwrapIfClosure(Object(Closure))
#19 D:\\Wamp64\\www\\htxtravinh7\\vendor\\laravel\\framework\\src\\Illuminate\\Container\\BoundMethod.php(34): Illuminate\\Container\\BoundMethod::callBoundMethod(Object(Illuminate\\Foundation\\Application), Array, Object(Closure))
#20 D:\\Wamp64\\www\\htxtravinh7\\vendor\\laravel\\framework\\src\\Illuminate\\Container\\Container.php(590): Illuminate\\Container\\BoundMethod::call(Object(Illuminate\\Foundation\\Application), Array, Array, NULL)
#21 D:\\Wamp64\\www\\htxtravinh7\\vendor\\laravel\\framework\\src\\Illuminate\\Console\\Command.php(134): Illuminate\\Container\\Container->call(Array)
#22 D:\\Wamp64\\www\\htxtravinh7\\vendor\\symfony\\console\\Command\\Command.php(255): Illuminate\\Console\\Command->execute(Object(Symfony\\Component\\Console\\Input\\ArgvInput), Object(Illuminate\\Console\\OutputStyle))
#23 D:\\Wamp64\\www\\htxtravinh7\\vendor\\laravel\\framework\\src\\Illuminate\\Console\\Command.php(121): Symfony\\Component\\Console\\Command\\Command->run(Object(Symfony\\Component\\Console\\Input\\ArgvInput), Object(Illuminate\\Console\\OutputStyle))
#24 D:\\Wamp64\\www\\htxtravinh7\\vendor\\symfony\\console\\Application.php(912): Illuminate\\Console\\Command->run(Object(Symfony\\Component\\Console\\Input\\ArgvInput), Object(Symfony\\Component\\Console\\Output\\ConsoleOutput))
#25 D:\\Wamp64\\www\\htxtravinh7\\vendor\\symfony\\console\\Application.php(264): Symfony\\Component\\Console\\Application->doRunCommand(Object(Illuminate\\Database\\Console\\Migrations\\MigrateCommand), Object(Symfony\\Component\\Console\\Input\\ArgvInput), Object(Symfony\\Component\\Console\\Output\\ConsoleOutput))
#26 D:\\Wamp64\\www\\htxtravinh7\\vendor\\symfony\\console\\Application.php(140): Symfony\\Component\\Console\\Application->doRun(Object(Symfony\\Component\\Console\\Input\\ArgvInput), Object(Symfony\\Component\\Console\\Output\\ConsoleOutput))
#27 D:\\Wamp64\\www\\htxtravinh7\\vendor\\laravel\\framework\\src\\Illuminate\\Console\\Application.php(93): Symfony\\Component\\Console\\Application->run(Object(Symfony\\Component\\Console\\Input\\ArgvInput), Object(Symfony\\Component\\Console\\Output\\ConsoleOutput))
#28 D:\\Wamp64\\www\\htxtravinh7\\vendor\\laravel\\framework\\src\\Illuminate\\Foundation\\Console\\Kernel.php(130): Illuminate\\Console\\Application->run(Object(Symfony\\Component\\Console\\Input\\ArgvInput), Object(Symfony\\Component\\Console\\Output\\ConsoleOutput))
#29 D:\\Wamp64\\www\\htxtravinh7\\artisan(35): Illuminate\\Foundation\\Console\\Kernel->handle(Object(Symfony\\Component\\Console\\Input\\ArgvInput), Object(Symfony\\Component\\Console\\Output\\ConsoleOutput))
#30 {main}

[previous exception] [object] (PDOException(code: 42S01): SQLSTATE[42S01]: Base table or view already exists: 1050 Table 'chinhsachnongnghiep' already exists at D:\\Wamp64\\www\\htxtravinh7\\vendor\\laravel\\framework\\src\\Illuminate\\Database\\Connection.php:463)
[stacktrace]
#0 D:\\Wamp64\\www\\htxtravinh7\\vendor\\laravel\\framework\\src\\Illuminate\\Database\\Connection.php(463): PDOStatement->execute()
#1 D:\\Wamp64\\www\\htxtravinh7\\vendor\\laravel\\framework\\src\\Illuminate\\Database\\Connection.php(662): Illuminate\\Database\\Connection->Illuminate\\Database\\{closure}('create table `c...', Array)
#2 D:\\Wamp64\\www\\htxtravinh7\\vendor\\laravel\\framework\\src\\Illuminate\\Database\\Connection.php(629): Illuminate\\Database\\Connection->runQueryCallback('create table `c...', Array, Object(Closure))
#3 D:\\Wamp64\\www\\htxtravinh7\\vendor\\laravel\\framework\\src\\Illuminate\\Database\\Connection.php(464): Illuminate\\Database\\Connection->run('create table `c...', Array, Object(Closure))
#4 D:\\Wamp64\\www\\htxtravinh7\\vendor\\laravel\\framework\\src\\Illuminate\\Database\\Schema\\Blueprint.php(97): Illuminate\\Database\\Connection->statement('create table `c...')
#5 D:\\Wamp64\\www\\htxtravinh7\\vendor\\laravel\\framework\\src\\Illuminate\\Database\\Schema\\Builder.php(290): Illuminate\\Database\\Schema\\Blueprint->build(Object(Illuminate\\Database\\MySqlConnection), Object(Illuminate\\Database\\Schema\\Grammars\\MySqlGrammar))
#6 D:\\Wamp64\\www\\htxtravinh7\\vendor\\laravel\\framework\\src\\Illuminate\\Database\\Schema\\Builder.php(167): Illuminate\\Database\\Schema\\Builder->build(Object(Illuminate\\Database\\Schema\\Blueprint))
#7 D:\\Wamp64\\www\\htxtravinh7\\vendor\\laravel\\framework\\src\\Illuminate\\Support\\Facades\\Facade.php(261): Illuminate\\Database\\Schema\\Builder->create('chinhsachnongng...', Object(Closure))
#8 D:\\Wamp64\\www\\htxtravinh7\\database\\migrations\\2020_03_03_000039_create_chinh_sach_nong_nghiep_table.php(32): Illuminate\\Support\\Facades\\Facade::__callStatic('create', Array)
#9 D:\\Wamp64\\www\\htxtravinh7\\vendor\\laravel\\framework\\src\\Illuminate\\Database\\Migrations\\Migrator.php(392): CreateChinhSachNongNghiepTable->up()
#10 D:\\Wamp64\\www\\htxtravinh7\\vendor\\laravel\\framework\\src\\Illuminate\\Database\\Migrations\\Migrator.php(401): Illuminate\\Database\\Migrations\\Migrator->Illuminate\\Database\\Migrations\\{closure}()
#11 D:\\Wamp64\\www\\htxtravinh7\\vendor\\laravel\\framework\\src\\Illuminate\\Database\\Migrations\\Migrator.php(200): Illuminate\\Database\\Migrations\\Migrator->runMigration(Object(CreateChinhSachNongNghiepTable), 'up')
#12 D:\\Wamp64\\www\\htxtravinh7\\vendor\\laravel\\framework\\src\\Illuminate\\Database\\Migrations\\Migrator.php(165): Illuminate\\Database\\Migrations\\Migrator->runUp('D:\\\\Wamp64\\\\www\\\\h...', 2, false)
#13 D:\\Wamp64\\www\\htxtravinh7\\vendor\\laravel\\framework\\src\\Illuminate\\Database\\Migrations\\Migrator.php(110): Illuminate\\Database\\Migrations\\Migrator->runPending(Array, Array)
#14 D:\\Wamp64\\www\\htxtravinh7\\vendor\\laravel\\framework\\src\\Illuminate\\Database\\Console\\Migrations\\MigrateCommand.php(72): Illuminate\\Database\\Migrations\\Migrator->run(Array, Array)
#15 D:\\Wamp64\\www\\htxtravinh7\\vendor\\laravel\\framework\\src\\Illuminate\\Database\\Migrations\\Migrator.php(541): Illuminate\\Database\\Console\\Migrations\\MigrateCommand->Illuminate\\Database\\Console\\Migrations\\{closure}()
#16 D:\\Wamp64\\www\\htxtravinh7\\vendor\\laravel\\framework\\src\\Illuminate\\Database\\Console\\Migrations\\MigrateCommand.php(81): Illuminate\\Database\\Migrations\\Migrator->usingConnection(NULL, Object(Closure))
#17 [internal function]: Illuminate\\Database\\Console\\Migrations\\MigrateCommand->handle()
#18 D:\\Wamp64\\www\\htxtravinh7\\vendor\\laravel\\framework\\src\\Illuminate\\Container\\BoundMethod.php(32): call_user_func_array(Array, Array)
#19 D:\\Wamp64\\www\\htxtravinh7\\vendor\\laravel\\framework\\src\\Illuminate\\Container\\Util.php(36): Illuminate\\Container\\BoundMethod::Illuminate\\Container\\{closure}()
#20 D:\\Wamp64\\www\\htxtravinh7\\vendor\\laravel\\framework\\src\\Illuminate\\Container\\BoundMethod.php(90): Illuminate\\Container\\Util::unwrapIfClosure(Object(Closure))
#21 D:\\Wamp64\\www\\htxtravinh7\\vendor\\laravel\\framework\\src\\Illuminate\\Container\\BoundMethod.php(34): Illuminate\\Container\\BoundMethod::callBoundMethod(Object(Illuminate\\Foundation\\Application), Array, Object(Closure))
#22 D:\\Wamp64\\www\\htxtravinh7\\vendor\\laravel\\framework\\src\\Illuminate\\Container\\Container.php(590): Illuminate\\Container\\BoundMethod::call(Object(Illuminate\\Foundation\\Application), Array, Array, NULL)
#23 D:\\Wamp64\\www\\htxtravinh7\\vendor\\laravel\\framework\\src\\Illuminate\\Console\\Command.php(134): Illuminate\\Container\\Container->call(Array)
#24 D:\\Wamp64\\www\\htxtravinh7\\vendor\\symfony\\console\\Command\\Command.php(255): Illuminate\\Console\\Command->execute(Object(Symfony\\Component\\Console\\Input\\ArgvInput), Object(Illuminate\\Console\\OutputStyle))
#25 D:\\Wamp64\\www\\htxtravinh7\\vendor\\laravel\\framework\\src\\Illuminate\\Console\\Command.php(121): Symfony\\Component\\Console\\Command\\Command->run(Object(Symfony\\Component\\Console\\Input\\ArgvInput), Object(Illuminate\\Console\\OutputStyle))
#26 D:\\Wamp64\\www\\htxtravinh7\\vendor\\symfony\\console\\Application.php(912): Illuminate\\Console\\Command->run(Object(Symfony\\Component\\Console\\Input\\ArgvInput), Object(Symfony\\Component\\Console\\Output\\ConsoleOutput))
#27 D:\\Wamp64\\www\\htxtravinh7\\vendor\\symfony\\console\\Application.php(264): Symfony\\Component\\Console\\Application->doRunCommand(Object(Illuminate\\Database\\Console\\Migrations\\MigrateCommand), Object(Symfony\\Component\\Console\\Input\\ArgvInput), Object(Symfony\\Component\\Console\\Output\\ConsoleOutput))
#28 D:\\Wamp64\\www\\htxtravinh7\\vendor\\symfony\\console\\Application.php(140): Symfony\\Component\\Console\\Application->doRun(Object(Symfony\\Component\\Console\\Input\\ArgvInput), Object(Symfony\\Component\\Console\\Output\\ConsoleOutput))
#29 D:\\Wamp64\\www\\htxtravinh7\\vendor\\laravel\\framework\\src\\Illuminate\\Console\\Application.php(93): Symfony\\Component\\Console\\Application->run(Object(Symfony\\Component\\Console\\Input\\ArgvInput), Object(Symfony\\Component\\Console\\Output\\ConsoleOutput))
#30 D:\\Wamp64\\www\\htxtravinh7\\vendor\\laravel\\framework\\src\\Illuminate\\Foundation\\Console\\Kernel.php(130): Illuminate\\Console\\Application->run(Object(Symfony\\Component\\Console\\Input\\ArgvInput), Object(Symfony\\Component\\Console\\Output\\ConsoleOutput))
#31 D:\\Wamp64\\www\\htxtravinh7\\artisan(35): Illuminate\\Foundation\\Console\\Kernel->handle(Object(Symfony\\Component\\Console\\Input\\ArgvInput), Object(Symfony\\Component\\Console\\Output\\ConsoleOutput))
#32 {main}
"} 
